<?xml version="1.0" encoding="UTF-8"?>
<!-- Generated by org.testng.reporters.JUnitReportReporter -->
<testsuite hostname="Chathura" name="com.ptl.testcases.LoginTest" tests="1" failures="0" timestamp="10 Feb 2015 05:22:49 GMT" time="10.280" errors="0">
  <testcase name="loginTest" time="10.280" classname="com.ptl.testcases.LoginTest"/>
</testsuite> <!-- com.ptl.testcases.LoginTest -->
